Using pre-set license
Built from '2021.3/staging' branch; Version is '2021.3.11f1 (0a5ca18544bf) revision 679073'; Using compiler version '192829333'; Build Type 'Release'
OS: 'Windows 11  (10.0.22631) 64bit CoreSingleLanguage' Language: 'ru' Physical Memory: 16085 MB
BatchMode: 1, IsHumanControllingUs: 0, StartBugReporterOnCrash: 0, Is64bit: 1, IsPro: 1

COMMAND LINE ARGUMENTS:
C:\Program Files\Unity\Hub\Editor\2021.3.11f1\Editor\Unity.exe
-adb2
-batchMode
-noUpm
-name
AssetImportWorker0
-projectPath
C:/Unity_projects/Helix_jump
-logFile
Logs/AssetImportWorker0.log
-srvPort
51547
Successfully changed project path to: C:/Unity_projects/Helix_jump
C:/Unity_projects/Helix_jump
[UnityMemory] Configuration Parameters - Can be set up in boot.config
    "memorysetup-bucket-allocator-granularity=16"
    "memorysetup-bucket-allocator-bucket-count=8"
    "memorysetup-bucket-allocator-block-size=33554432"
    "memorysetup-bucket-allocator-block-count=8"
    "memorysetup-main-allocator-block-size=16777216"
    "memorysetup-thread-allocator-block-size=16777216"
    "memorysetup-gfx-main-allocator-block-size=16777216"
    "memorysetup-gfx-thread-allocator-block-size=16777216"
    "memorysetup-cache-allocator-block-size=4194304"
    "memorysetup-typetree-allocator-block-size=2097152"
    "memorysetup-profiler-bucket-allocator-granularity=16"
    "memorysetup-profiler-bucket-allocator-bucket-count=8"
    "memorysetup-profiler-bucket-allocator-block-size=33554432"
    "memorysetup-profiler-bucket-allocator-block-count=8"
    "memorysetup-profiler-allocator-block-size=16777216"
    "memorysetup-profiler-editor-allocator-block-size=1048576"
    "memorysetup-temp-allocator-size-main=16777216"
    "memorysetup-job-temp-allocator-block-size=2097152"
    "memorysetup-job-temp-allocator-block-size-background=1048576"
    "memorysetup-job-temp-allocator-reduction-small-platforms=262144"
    "memorysetup-temp-allocator-size-background-worker=32768"
    "memorysetup-temp-allocator-size-job-worker=262144"
    "memorysetup-temp-allocator-size-preload-manager=33554432"
    "memorysetup-temp-allocator-size-nav-mesh-worker=65536"
    "memorysetup-temp-allocator-size-audio-worker=65536"
    "memorysetup-temp-allocator-size-cloud-worker=32768"
    "memorysetup-temp-allocator-size-gi-baking-worker=262144"
    "memorysetup-temp-allocator-size-gfx=262144"
Refreshing native plugins compatible for Editor in 73.68 ms, found 3 plugins.
Preloading 0 native plugins for Editor in 0.00 ms.
Initialize engine version: 2021.3.11f1 (0a5ca18544bf)
[Subsystems] Discovering subsystems at path C:/Program Files/Unity/Hub/Editor/2021.3.11f1/Editor/Data/Resources/UnitySubsystems
[Subsystems] Discovering subsystems at path C:/Unity_projects/Helix_jump/Assets
GfxDevice: creating device client; threaded=0; jobified=0
Direct3D:
    Version:  Direct3D 11.0 [level 11.1]
    Renderer: NVIDIA GeForce RTX 3060 Laptop GPU (ID=0x2520)
    Vendor:   NVIDIA
    VRAM:     6010 MB
    Driver:   31.0.15.4633
Initialize mono
Mono path[0] = 'C:/Program Files/Unity/Hub/Editor/2021.3.11f1/Editor/Data/Managed'
Mono path[1] = 'C:/Program Files/Unity/Hub/Editor/2021.3.11f1/Editor/Data/MonoBleedingEdge/lib/mono/unityjit-win32'
Mono config path = 'C:/Program Files/Unity/Hub/Editor/2021.3.11f1/Editor/Data/MonoBleedingEdge/etc'
Using monoOptions --debugger-agent=transport=dt_socket,embedding=1,server=y,suspend=n,address=127.0.0.1:56964
Begin MonoManager ReloadAssembly
Registering precompiled unity dll's ...
Register platform support module: C:/Program Files/Unity/Hub/Editor/2021.3.11f1/Editor/Data/PlaybackEngines/WebGLSupport/UnityEditor.WebGL.Extensions.dll
Register platform support module: C:/Program Files/Unity/Hub/Editor/2021.3.11f1/Editor/Data/PlaybackEngines/AndroidPlayer/UnityEditor.Android.Extensions.dll
Register platform support module: C:/Program Files/Unity/Hub/Editor/2021.3.11f1/Editor/Data/PlaybackEngines/WindowsStandaloneSupport/UnityEditor.WindowsStandalone.Extensions.dll
Register platform support module: C:/Program Files/Unity/Hub/Editor/2021.3.11f1/Editor/Data/PlaybackEngines/MetroSupport/UnityEditor.UWP.Extensions.dll
Registered in 0.004582 seconds.
Native extension for UWP target not found
Native extension for WindowsStandalone target not found
Native extension for Android target not found
Native extension for WebGL target not found
Refreshing native plugins compatible for Editor in 72.05 ms, found 3 plugins.
Preloading 0 native plugins for Editor in 0.00 ms.
Mono: successfully reloaded assembly
- Completed reload, in  0.538 seconds
Domain Reload Profiling:
	ReloadAssembly (538ms)
		BeginReloadAssembly (53ms)
			ExecutionOrderSort (0ms)
			DisableScriptedObjects (0ms)
			BackupInstance (0ms)
			ReleaseScriptingObjects (0ms)
			CreateAndSetChildDomain (1ms)
		EndReloadAssembly (401ms)
			LoadAssemblies (53ms)
			RebuildTransferFunctionScriptingTraits (0ms)
			SetupTypeCache (85ms)
			ReleaseScriptCaches (0ms)
			RebuildScriptCaches (26ms)
			SetupLoadedEditorAssemblies (252ms)
				LogAssemblyErrors (0ms)
				InitializePlatformSupportModulesInManaged (55ms)
				SetLoadedEditorAssemblies (0ms)
				RefreshPlugins (72ms)
				BeforeProcessingInitializeOnLoad (1ms)
				ProcessInitializeOnLoadAttributes (84ms)
				ProcessInitializeOnLoadMethodAttributes (39ms)
				AfterProcessingInitializeOnLoad (0ms)
				EditorAssembliesLoaded (0ms)
			ExecutionOrderSort2 (0ms)
			AwakeInstancesAfterBackupRestoration (0ms)
Platform modules already initialized, skipping
Registering precompiled user dll's ...
Registered in 0.004407 seconds.
Begin MonoManager ReloadAssembly
Symbol file LoadedFromMemory doesn't match image C:\Unity_projects\Helix_jump\Library\PackageCache\com.unity.visualscripting@1.7.8\Editor\VisualScripting.Core\Dependencies\YamlDotNet\Unity.VisualScripting.YamlDotNet.dll
Symbol file LoadedFromMemory doesn't match image C:\Unity_projects\Helix_jump\Library\PackageCache\com.unity.visualscripting@1.7.8\Editor\VisualScripting.Core\Dependencies\DotNetZip\Unity.VisualScripting.IonicZip.dll
Native extension for UWP target not found
Native extension for WindowsStandalone target not found
Native extension for Android target not found
Native extension for WebGL target not found
Refreshing native plugins compatible for Editor in 0.60 ms, found 3 plugins.
Preloading 0 native plugins for Editor in 0.00 ms.
Mono: successfully reloaded assembly
- Completed reload, in  1.155 seconds
Domain Reload Profiling:
	ReloadAssembly (1156ms)
		BeginReloadAssembly (221ms)
			ExecutionOrderSort (0ms)
			DisableScriptedObjects (8ms)
			BackupInstance (0ms)
			ReleaseScriptingObjects (0ms)
			CreateAndSetChildDomain (122ms)
		EndReloadAssembly (787ms)
			LoadAssemblies (83ms)
			RebuildTransferFunctionScriptingTraits (0ms)
			SetupTypeCache (273ms)
			ReleaseScriptCaches (1ms)
			RebuildScriptCaches (47ms)
			SetupLoadedEditorAssemblies (348ms)
				LogAssemblyErrors (0ms)
				InitializePlatformSupportModulesInManaged (15ms)
				SetLoadedEditorAssemblies (0ms)
				RefreshPlugins (1ms)
				BeforeProcessingInitializeOnLoad (80ms)
				ProcessInitializeOnLoadAttributes (221ms)
				ProcessInitializeOnLoadMethodAttributes (27ms)
				AfterProcessingInitializeOnLoad (5ms)
				EditorAssembliesLoaded (0ms)
			ExecutionOrderSort2 (0ms)
			AwakeInstancesAfterBackupRestoration (5ms)
Platform modules already initialized, skipping
========================================================================
Worker process is ready to serve import requests
Launched and connected shader compiler UnityShaderCompiler.exe after 0.07 seconds
Refreshing native plugins compatible for Editor in 1.32 ms, found 3 plugins.
Preloading 0 native plugins for Editor in 0.00 ms.
Unloading 3402 Unused Serialized files (Serialized files now loaded: 0)
Unloading 27 unused Assets / (113.5 KB). Loaded Objects now: 3862.
Memory consumption went from 117.0 MB to 116.9 MB.
Total: 7.586500 ms (FindLiveObjects: 0.641000 ms CreateObjectMapping: 0.321800 ms MarkObjects: 6.308100 ms  DeleteObjects: 0.313000 ms)

AssetImportParameters requested are different than current active one (requested -> active):
  custom:video-decoder-ogg-theora: a1e56fd34408186e4bbccfd4996cb3dc -> 
  custom:container-muxer-webm: aa71ff27fc2769a1b78a27578f13a17b -> 
  custom:container-demuxer-webm: 4f35f7cbe854078d1ac9338744f61a02 -> 
  custom:video-encoder-webm-vp8: eb34c28f22e8b96e1ab97ce403110664 -> 
  custom:audio-encoder-webm-vorbis: bf7c407c2cedff20999df2af8eb42d56 -> 
  custom:framework-win-MediaFoundation: 216162199b28c13a410421893ffa2e32 -> 
  custom:container-demuxer-ogg: 62fdf1f143b41e24485cea50d1cbac27 -> 
  custom:video-decoder-webm-vp8: 9c59270c3fd7afecdb556c50c9e8de78 -> 
  custom:audio-decoder-ogg-vorbis: bf7c407c2cedff20999df2af8eb42d56 -> 
========================================================================
Received Import Request.
  Time since last request: 523516.716313 seconds.
  path: Assets/HelixJumpFS/Prefabs/Ball.prefab
  artifactKey: Guid(4f3bc1a583cbf25448fd1d5bc9547371) Importer(815301076,1909f56bfc062723c751e8b465ee728b)
Start importing Assets/HelixJumpFS/Prefabs/Ball.prefab using Guid(4f3bc1a583cbf25448fd1d5bc9547371) Importer(815301076,1909f56bfc062723c751e8b465ee728b)  -> (artifact id: 'c938d0a897d5f7df6399ef18e1aecf95') in 0.133120 seconds 
========================================================================
Received Import Request.
  Time since last request: 9.907416 seconds.
  path: Assets/HelixJumpFS/Prefabs/Ball.prefab
  artifactKey: Guid(4f3bc1a583cbf25448fd1d5bc9547371) Importer(815301076,1909f56bfc062723c751e8b465ee728b)
Start importing Assets/HelixJumpFS/Prefabs/Ball.prefab using Guid(4f3bc1a583cbf25448fd1d5bc9547371) Importer(815301076,1909f56bfc062723c751e8b465ee728b)  -> (artifact id: '3ff27990b54b9c6ca228302e8c2a1bcc') in 0.019848 seconds 
========================================================================
Received Import Request.
  Time since last request: 7.027973 seconds.
  path: Assets/HelixJumpFS/Prefabs/Ball.prefab
  artifactKey: Guid(4f3bc1a583cbf25448fd1d5bc9547371) Importer(815301076,1909f56bfc062723c751e8b465ee728b)
Start importing Assets/HelixJumpFS/Prefabs/Ball.prefab using Guid(4f3bc1a583cbf25448fd1d5bc9547371) Importer(815301076,1909f56bfc062723c751e8b465ee728b)  -> (artifact id: '41870ff658fb18749a112ead8d13358f') in 0.031344 seconds 
========================================================================
Received Import Request.
  Time since last request: 1.974051 seconds.
  path: Assets/HelixJumpFS/Prefabs/Ball.prefab
  artifactKey: Guid(4f3bc1a583cbf25448fd1d5bc9547371) Importer(815301076,1909f56bfc062723c751e8b465ee728b)
Start importing Assets/HelixJumpFS/Prefabs/Ball.prefab using Guid(4f3bc1a583cbf25448fd1d5bc9547371) Importer(815301076,1909f56bfc062723c751e8b465ee728b)  -> (artifact id: 'e7b3e335ea8eb5b583d73f7a870fff07') in 0.036178 seconds 
========================================================================
Received Import Request.
  Time since last request: 10.062340 seconds.
  path: Assets/HelixJumpFS/Prefabs/Ball.prefab
  artifactKey: Guid(4f3bc1a583cbf25448fd1d5bc9547371) Importer(815301076,1909f56bfc062723c751e8b465ee728b)
Start importing Assets/HelixJumpFS/Prefabs/Ball.prefab using Guid(4f3bc1a583cbf25448fd1d5bc9547371) Importer(815301076,1909f56bfc062723c751e8b465ee728b)  -> (artifact id: 'd41bbf9827de24bd849ea8f347a860df') in 0.015952 seconds 
========================================================================
Received Import Request.
  Time since last request: 10.373942 seconds.
  path: Assets/HelixJumpFS/Materials/axis_mat.mat
  artifactKey: Guid(54307aa2f9da2924badd15a6b80351ca) Importer(815301076,1909f56bfc062723c751e8b465ee728b)
Start importing Assets/HelixJumpFS/Materials/axis_mat.mat using Guid(54307aa2f9da2924badd15a6b80351ca) Importer(815301076,1909f56bfc062723c751e8b465ee728b)  -> (artifact id: '10d20447d541c848b415670ee50b7d51') in 0.037847 seconds 
========================================================================
Received Import Request.
  Time since last request: 0.000018 seconds.
  path: Assets/HelixJumpFS/Materials/finish_segment_mat 1.mat
  artifactKey: Guid(7ff6ce1a4af17bc4fa67694fc418cb54) Importer(815301076,1909f56bfc062723c751e8b465ee728b)
Start importing Assets/HelixJumpFS/Materials/finish_segment_mat 1.mat using Guid(7ff6ce1a4af17bc4fa67694fc418cb54) Importer(815301076,1909f56bfc062723c751e8b465ee728b)  -> (artifact id: '81c0c0e84de107eb610c5faecf728882') in 0.018259 seconds 
========================================================================
Received Import Request.
  Time since last request: 0.000027 seconds.
  path: Assets/HelixJumpFS/Materials/default_segment_mat.mat
  artifactKey: Guid(f63132227d451cf4392bf0855f18371e) Importer(815301076,1909f56bfc062723c751e8b465ee728b)
Start importing Assets/HelixJumpFS/Materials/default_segment_mat.mat using Guid(f63132227d451cf4392bf0855f18371e) Importer(815301076,1909f56bfc062723c751e8b465ee728b)  -> (artifact id: 'c0545f8f938cf0fcbae8899ac11b28d4') in 0.019176 seconds 
========================================================================
Received Import Request.
  Time since last request: 0.000037 seconds.
  path: Assets/HelixJumpFS/Materials/trap_segment_mat 2.mat
  artifactKey: Guid(c6bdffaa3ed3fe4419654b687a180fb3) Importer(815301076,1909f56bfc062723c751e8b465ee728b)
Start importing Assets/HelixJumpFS/Materials/trap_segment_mat 2.mat using Guid(c6bdffaa3ed3fe4419654b687a180fb3) Importer(815301076,1909f56bfc062723c751e8b465ee728b)  -> (artifact id: '590b7e86bc8596316a767777dafc7025') in 0.019474 seconds 
Editor requested this worker to shutdown with reason: Scaling down because of idle timeout
AssetImportWorker is now disconnected from the server
Process exiting
Exiting without the bug reporter. Application will terminate with return code 0